
ff: parsing domain file
domain 'ROBOTICS' defined
 ... done.
ff: parsing problem file
problem 'FF_PROB' defined
 ... done.



Cueing down from goal distance:    4 into depth [1][2]
                                   3            [1]
                                   2            [1]
                                   1            [1]
                                   0            

ff: found legal plan as follows

step    0: MOVETO PR2 CAN0 CAN0_INIT_TARGET ROBOT_END_POSE ROBOT_END_POSE GRASP3 END_TARGET_7
        1: TRANSFER PR2 ROBOT_END_POSE ROBOT_END_POSE CAN0 END_TARGET_0 GRASP3 CAN0_INIT_TARGET
        2: PLACE PR2 ROBOT_END_POSE ROBOT_END_POSE CAN0 END_TARGET_0 GRASP3 END_TARGET_7
        3: MOVETO PR2 CAN1 CAN1_INIT_TARGET ROBOT_END_POSE ROBOT_END_POSE GRASP3 END_TARGET_7
        4: TRANSFER PR2 ROBOT_END_POSE ROBOT_END_POSE CAN1 END_TARGET_1 GRASP3 CAN1_INIT_TARGET
     

time spent:    0.00 seconds instantiating 240 easy, 0 hard action templates
               0.00 seconds reachability analysis, yielding 94 facts and 180 actions
               0.00 seconds creating final representation with 82 relevant facts
               0.00 seconds building connectivity graph
               0.00 seconds searching, evaluating 8 states, to a max depth of 2
               0.00 seconds total time

*** States ***
State 

NOT-NEARGRASPANGLE(PR2 CAN0)
NOT-NEARGRASPANGLE(PR2 CAN1)
NOT-AT(CAN0 END_TARGET_0)
NOT-AT(CAN0 END_TARGET_1)
NOT-AT(CAN0 END_TARGET_2)
NOT-AT(CAN0 END_TARGET_3)
NOT-AT(CAN0 END_TARGET_4)
NOT-AT(CAN0 END_TARGET_5)
NOT-AT(CAN0 END_TARGET_6)
NOT-AT(CAN0 END_TARGET_7)
NOT-AT(CAN1 END_TARGET_0)
NOT-AT(CAN1 END_TARGET_1)
NOT-AT(CAN1 END_TARGET_2)
NOT-AT(CAN1 END_TARGET_3)
NOT-AT(CAN1 END_TARGET_4)
NOT-AT(CAN1 END_TARGET_5)
NOT-AT(CAN1 END_TARGET_6)
NOT-AT(CAN1 END_TARGET_7)
NOT-NEAR(CAN0 END_TARGET_0)
NOT-NEAR(CAN0 END_TARGET_1)
NOT-NEAR(CAN0 END_TARGET_2)
NOT-NEAR(CAN0 END_TARGET_3)
NOT-NEAR(CAN0 END_TARGET_4)
NOT-NEAR(CAN0 END_TARGET_5)
NOT-NEAR(CAN0 END_TARGET_6)
NOT-NEAR(CAN0 END_TARGET_7)
NOT-NEAR(CAN1 END_TARGET_0)
NOT-NEAR(CAN1 END_TARGET_1)
NOT-NEAR(CAN1 END_TARGET_2)
NOT-NEAR(CAN1 END_TARGET_3)
NOT-NEAR(CAN1 END_TARGET_4)
NOT-NEAR(CAN1 END_TARGET_5)
NOT-NEAR(CAN1 END_TARGET_6)
NOT-NEAR(CAN1 END_TARGET_7)
NEAR(CAN1 CAN1_INIT_TARGET)
AT(CAN1 CAN1_INIT_TARGET)
NEAR(CAN0 CAN0_INIT_TARGET)
AT(CAN0 CAN0_INIT_TARGET)

State 

NOT-NEARGRASPANGLE(PR2 CAN1)
NOT-AT(CAN0 END_TARGET_0)
NOT-AT(CAN0 END_TARGET_1)
NOT-AT(CAN0 END_TARGET_2)
NOT-AT(CAN0 END_TARGET_3)
NOT-AT(CAN0 END_TARGET_4)
NOT-AT(CAN0 END_TARGET_5)
NOT-AT(CAN0 END_TARGET_6)
NOT-AT(CAN0 END_TARGET_7)
NOT-AT(CAN1 END_TARGET_0)
NOT-AT(CAN1 END_TARGET_1)
NOT-AT(CAN1 END_TARGET_2)
NOT-AT(CAN1 END_TARGET_3)
NOT-AT(CAN1 END_TARGET_4)
NOT-AT(CAN1 END_TARGET_5)
NOT-AT(CAN1 END_TARGET_6)
NOT-AT(CAN1 END_TARGET_7)
NOT-NEAR(CAN0 END_TARGET_0)
NOT-NEAR(CAN0 END_TARGET_1)
NOT-NEAR(CAN0 END_TARGET_2)
NOT-NEAR(CAN0 END_TARGET_3)
NOT-NEAR(CAN0 END_TARGET_4)
NOT-NEAR(CAN0 END_TARGET_5)
NOT-NEAR(CAN0 END_TARGET_6)
NOT-NEAR(CAN0 END_TARGET_7)
NOT-NEAR(CAN1 END_TARGET_0)
NOT-NEAR(CAN1 END_TARGET_1)
NOT-NEAR(CAN1 END_TARGET_2)
NOT-NEAR(CAN1 END_TARGET_3)
NOT-NEAR(CAN1 END_TARGET_4)
NOT-NEAR(CAN1 END_TARGET_5)
NOT-NEAR(CAN1 END_TARGET_6)
NOT-NEAR(CAN1 END_TARGET_7)
NEAR(CAN1 CAN1_INIT_TARGET)
AT(CAN1 CAN1_INIT_TARGET)
NEAR(CAN0 CAN0_INIT_TARGET)
AT(CAN0 CAN0_INIT_TARGET)
STATIONARY(CAN0)
STATIONARY(CAN1)
NEARGRASPANGLE(PR2 CAN0)
INGRASPANGLE(PR2 CAN0)
STATIONARYROT(PR2)
FORTHETADIRVALID(PR2)

State 

NOT-NEARGRASPANGLE(PR2 CAN1)
NOT-AT(CAN0 END_TARGET_1)
NOT-AT(CAN0 END_TARGET_2)
NOT-AT(CAN0 END_TARGET_3)
NOT-AT(CAN0 END_TARGET_4)
NOT-AT(CAN0 END_TARGET_5)
NOT-AT(CAN0 END_TARGET_6)
NOT-AT(CAN0 END_TARGET_7)
NOT-AT(CAN1 END_TARGET_0)
NOT-AT(CAN1 END_TARGET_1)
NOT-AT(CAN1 END_TARGET_2)
NOT-AT(CAN1 END_TARGET_3)
NOT-AT(CAN1 END_TARGET_4)
NOT-AT(CAN1 END_TARGET_5)
NOT-AT(CAN1 END_TARGET_6)
NOT-AT(CAN1 END_TARGET_7)
NOT-NEAR(CAN0 END_TARGET_1)
NOT-NEAR(CAN0 END_TARGET_2)
NOT-NEAR(CAN0 END_TARGET_3)
NOT-NEAR(CAN0 END_TARGET_4)
NOT-NEAR(CAN0 END_TARGET_5)
NOT-NEAR(CAN0 END_TARGET_6)
NOT-NEAR(CAN0 END_TARGET_7)
NOT-NEAR(CAN1 END_TARGET_0)
NOT-NEAR(CAN1 END_TARGET_1)
NOT-NEAR(CAN1 END_TARGET_2)
NOT-NEAR(CAN1 END_TARGET_3)
NOT-NEAR(CAN1 END_TARGET_4)
NOT-NEAR(CAN1 END_TARGET_5)
NOT-NEAR(CAN1 END_TARGET_6)
NOT-NEAR(CAN1 END_TARGET_7)
NEAR(CAN1 CAN1_INIT_TARGET)
AT(CAN1 CAN1_INIT_TARGET)
STATIONARY(CAN0)
STATIONARY(CAN1)
NEARGRASPANGLE(PR2 CAN0)
INGRASPANGLE(PR2 CAN0)
STATIONARYROT(PR2)
FORTHETADIRVALID(PR2)
NOT-AT(CAN0 CAN0_INIT_TARGET)
NOT-NEAR(CAN0 CAN0_INIT_TARGET)
AT(CAN0 END_TARGET_0)
NEAR(CAN0 END_TARGET_0)

State 

NOT-NEARGRASPANGLE(PR2 CAN1)
NOT-AT(CAN0 END_TARGET_1)
NOT-AT(CAN0 END_TARGET_2)
NOT-AT(CAN0 END_TARGET_3)
NOT-AT(CAN0 END_TARGET_4)
NOT-AT(CAN0 END_TARGET_5)
NOT-AT(CAN0 END_TARGET_6)
NOT-AT(CAN0 END_TARGET_7)
NOT-AT(CAN1 END_TARGET_0)
NOT-AT(CAN1 END_TARGET_1)
NOT-AT(CAN1 END_TARGET_2)
NOT-AT(CAN1 END_TARGET_3)
NOT-AT(CAN1 END_TARGET_4)
NOT-AT(CAN1 END_TARGET_5)
NOT-AT(CAN1 END_TARGET_6)
NOT-AT(CAN1 END_TARGET_7)
NOT-NEAR(CAN0 END_TARGET_1)
NOT-NEAR(CAN0 END_TARGET_2)
NOT-NEAR(CAN0 END_TARGET_3)
NOT-NEAR(CAN0 END_TARGET_4)
NOT-NEAR(CAN0 END_TARGET_5)
NOT-NEAR(CAN0 END_TARGET_6)
NOT-NEAR(CAN0 END_TARGET_7)
NOT-NEAR(CAN1 END_TARGET_0)
NOT-NEAR(CAN1 END_TARGET_1)
NOT-NEAR(CAN1 END_TARGET_2)
NOT-NEAR(CAN1 END_TARGET_3)
NOT-NEAR(CAN1 END_TARGET_4)
NOT-NEAR(CAN1 END_TARGET_5)
NOT-NEAR(CAN1 END_TARGET_6)
NOT-NEAR(CAN1 END_TARGET_7)
NEAR(CAN1 CAN1_INIT_TARGET)
AT(CAN1 CAN1_INIT_TARGET)
STATIONARY(CAN0)
STATIONARY(CAN1)
INGRASPANGLE(PR2 CAN0)
STATIONARYROT(PR2)
FORTHETADIRVALID(PR2)
NOT-AT(CAN0 CAN0_INIT_TARGET)
NOT-NEAR(CAN0 CAN0_INIT_TARGET)
AT(CAN0 END_TARGET_0)
NEAR(CAN0 END_TARGET_0)
NOT-NEARGRASPANGLE(PR2 CAN0)

State 

NOT-AT(CAN0 END_TARGET_1)
NOT-AT(CAN0 END_TARGET_2)
NOT-AT(CAN0 END_TARGET_3)
NOT-AT(CAN0 END_TARGET_4)
NOT-AT(CAN0 END_TARGET_5)
NOT-AT(CAN0 END_TARGET_6)
NOT-AT(CAN0 END_TARGET_7)
NOT-AT(CAN1 END_TARGET_0)
NOT-AT(CAN1 END_TARGET_1)
NOT-AT(CAN1 END_TARGET_2)
NOT-AT(CAN1 END_TARGET_3)
NOT-AT(CAN1 END_TARGET_4)
NOT-AT(CAN1 END_TARGET_5)
NOT-AT(CAN1 END_TARGET_6)
NOT-AT(CAN1 END_TARGET_7)
NOT-NEAR(CAN0 END_TARGET_1)
NOT-NEAR(CAN0 END_TARGET_2)
NOT-NEAR(CAN0 END_TARGET_3)
NOT-NEAR(CAN0 END_TARGET_4)
NOT-NEAR(CAN0 END_TARGET_5)
NOT-NEAR(CAN0 END_TARGET_6)
NOT-NEAR(CAN0 END_TARGET_7)
NOT-NEAR(CAN1 END_TARGET_0)
NOT-NEAR(CAN1 END_TARGET_1)
NOT-NEAR(CAN1 END_TARGET_2)
NOT-NEAR(CAN1 END_TARGET_3)
NOT-NEAR(CAN1 END_TARGET_4)
NOT-NEAR(CAN1 END_TARGET_5)
NOT-NEAR(CAN1 END_TARGET_6)
NOT-NEAR(CAN1 END_TARGET_7)
NEAR(CAN1 CAN1_INIT_TARGET)
AT(CAN1 CAN1_INIT_TARGET)
STATIONARY(CAN0)
STATIONARY(CAN1)
INGRASPANGLE(PR2 CAN0)
STATIONARYROT(PR2)
FORTHETADIRVALID(PR2)
NOT-AT(CAN0 CAN0_INIT_TARGET)
NOT-NEAR(CAN0 CAN0_INIT_TARGET)
AT(CAN0 END_TARGET_0)
NEAR(CAN0 END_TARGET_0)
NOT-NEARGRASPANGLE(PR2 CAN0)
NEARGRASPANGLE(PR2 CAN1)
INGRASPANGLE(PR2 CAN1)

State 

NOT-AT(CAN0 END_TARGET_1)
NOT-AT(CAN0 END_TARGET_2)
NOT-AT(CAN0 END_TARGET_3)
NOT-AT(CAN0 END_TARGET_4)
NOT-AT(CAN0 END_TARGET_5)
NOT-AT(CAN0 END_TARGET_6)
NOT-AT(CAN0 END_TARGET_7)
NOT-AT(CAN1 END_TARGET_0)
NOT-AT(CAN1 END_TARGET_2)
NOT-AT(CAN1 END_TARGET_3)
NOT-AT(CAN1 END_TARGET_4)
NOT-AT(CAN1 END_TARGET_5)
NOT-AT(CAN1 END_TARGET_6)
NOT-AT(CAN1 END_TARGET_7)
NOT-NEAR(CAN0 END_TARGET_1)
NOT-NEAR(CAN0 END_TARGET_2)
NOT-NEAR(CAN0 END_TARGET_3)
NOT-NEAR(CAN0 END_TARGET_4)
NOT-NEAR(CAN0 END_TARGET_5)
NOT-NEAR(CAN0 END_TARGET_6)
NOT-NEAR(CAN0 END_TARGET_7)
NOT-NEAR(CAN1 END_TARGET_0)
NOT-NEAR(CAN1 END_TARGET_2)
NOT-NEAR(CAN1 END_TARGET_3)
NOT-NEAR(CAN1 END_TARGET_4)
NOT-NEAR(CAN1 END_TARGET_5)
NOT-NEAR(CAN1 END_TARGET_6)
NOT-NEAR(CAN1 END_TARGET_7)
STATIONARY(CAN0)
STATIONARY(CAN1)
INGRASPANGLE(PR2 CAN0)
STATIONARYROT(PR2)
FORTHETADIRVALID(PR2)
NOT-AT(CAN0 CAN0_INIT_TARGET)
NOT-NEAR(CAN0 CAN0_INIT_TARGET)
AT(CAN0 END_TARGET_0)
NEAR(CAN0 END_TARGET_0)
NOT-NEARGRASPANGLE(PR2 CAN0)
NEARGRASPANGLE(PR2 CAN1)
INGRASPANGLE(PR2 CAN1)
NOT-AT(CAN1 CAN1_INIT_TARGET)
NOT-NEAR(CAN1 CAN1_INIT_TARGET)
AT(CAN1 END_TARGET_1)
NEAR(CAN1 END_TARGET_1)

